This is pdfTeX, Version 3.1415926-2.5-1.40.14 (TeX Live 2013/Debian) (format=pdflatex 2014.11.12)  12 JAN 2015 15:50
entering extended mode
 restricted \write18 enabled.
 %&-line parsing enabled.
**final_report.tex
(./final_report.tex
LaTeX2e <2011/06/27>
Babel <3.9h> and hyphenation patterns for 4 languages loaded.
(/usr/share/texlive/texmf-dist/tex/latex/base/report.cls
Document Class: report 2007/10/19 v1.4h Standard LaTeX document class
(/usr/share/texlive/texmf-dist/tex/latex/base/size10.clo
File: size10.clo 2007/10/19 v1.4h Standard LaTeX file (size option)
)
\c@part=\count79
\c@chapter=\count80
\c@section=\count81
\c@subsection=\count82
\c@subsubsection=\count83
\c@paragraph=\count84
\c@subparagraph=\count85
\c@figure=\count86
\c@table=\count87
\abovecaptionskip=\skip41
\belowcaptionskip=\skip42
\bibindent=\dimen102
)
(/usr/share/texlive/texmf-dist/tex/latex/amsmath/amsmath.sty
Package: amsmath 2013/01/14 v2.14 AMS math features
\@mathmargin=\skip43

For additional information on amsmath, use the `?' option.
(/usr/share/texlive/texmf-dist/tex/latex/amsmath/amstext.sty
Package: amstext 2000/06/29 v2.01

(/usr/share/texlive/texmf-dist/tex/latex/amsmath/amsgen.sty
File: amsgen.sty 1999/11/30 v2.0
\@emptytoks=\toks14
\ex@=\dimen103
))
(/usr/share/texlive/texmf-dist/tex/latex/amsmath/amsbsy.sty
Package: amsbsy 1999/11/29 v1.2d
\pmbraise@=\dimen104
)
(/usr/share/texlive/texmf-dist/tex/latex/amsmath/amsopn.sty
Package: amsopn 1999/12/14 v2.01 operator names
)
\inf@bad=\count88
LaTeX Info: Redefining \frac on input line 210.
\uproot@=\count89
\leftroot@=\count90
LaTeX Info: Redefining \overline on input line 306.
\classnum@=\count91
\DOTSCASE@=\count92
LaTeX Info: Redefining \ldots on input line 378.
LaTeX Info: Redefining \dots on input line 381.
LaTeX Info: Redefining \cdots on input line 466.
\Mathstrutbox@=\box26
\strutbox@=\box27
\big@size=\dimen105
LaTeX Font Info:    Redeclaring font encoding OML on input line 566.
LaTeX Font Info:    Redeclaring font encoding OMS on input line 567.
\macc@depth=\count93
\c@MaxMatrixCols=\count94
\dotsspace@=\muskip10
\c@parentequation=\count95
\dspbrk@lvl=\count96
\tag@help=\toks15
\row@=\count97
\column@=\count98
\maxfields@=\count99
\andhelp@=\toks16
\eqnshift@=\dimen106
\alignsep@=\dimen107
\tagshift@=\dimen108
\tagwidth@=\dimen109
\totwidth@=\dimen110
\lineht@=\dimen111
\@envbody=\toks17
\multlinegap=\skip44
\multlinetaggap=\skip45
\mathdisplay@stack=\toks18
LaTeX Info: Redefining \[ on input line 2665.
LaTeX Info: Redefining \] on input line 2666.
)
(/usr/share/texlive/texmf-dist/tex/latex/tocbibind/tocbibind.sty
Package: tocbibind 2010/10/13 v1.5k extra ToC listings
Package tocbibind Info: The document has chapter divisions on input line 50.


Package tocbibind Note: Using chapter style headings, unless overridden.

) (/usr/share/texlive/texmf-dist/tex/latex/appendix/appendix.sty
Package: appendix 2009/09/02 v1.2b extra appendix facilities
\c@@pps=\count100
\c@@ppsavesec=\count101
\c@@ppsaveapp=\count102
)
(/usr/share/texlive/texmf-dist/tex/latex/preprint/fullpage.sty
Package: fullpage 1999/02/23 1.1 (PWD)
\FP@margin=\skip46
)
(/usr/share/texlive/texmf-dist/tex/latex/graphics/graphicx.sty
Package: graphicx 1999/02/16 v1.0f Enhanced LaTeX Graphics (DPC,SPQR)

(/usr/share/texlive/texmf-dist/tex/latex/graphics/keyval.sty
Package: keyval 1999/03/16 v1.13 key=value parser (DPC)
\KV@toks@=\toks19
)
(/usr/share/texlive/texmf-dist/tex/latex/graphics/graphics.sty
Package: graphics 2009/02/05 v1.0o Standard LaTeX Graphics (DPC,SPQR)

(/usr/share/texlive/texmf-dist/tex/latex/graphics/trig.sty
Package: trig 1999/03/16 v1.09 sin cos tan (DPC)
)
(/usr/share/texlive/texmf-dist/tex/latex/latexconfig/graphics.cfg
File: graphics.cfg 2010/04/23 v1.9 graphics configuration of TeX Live
)
Package graphics Info: Driver file: pdftex.def on input line 91.

(/usr/share/texlive/texmf-dist/tex/latex/pdftex-def/pdftex.def
File: pdftex.def 2011/05/27 v0.06d Graphics/color for pdfTeX

(/usr/share/texlive/texmf-dist/tex/generic/oberdiek/infwarerr.sty
Package: infwarerr 2010/04/08 v1.3 Providing info/warning/error messages (HO)
)
(/usr/share/texlive/texmf-dist/tex/generic/oberdiek/ltxcmds.sty
Package: ltxcmds 2011/11/09 v1.22 LaTeX kernel commands for general use (HO)
)
\Gread@gobject=\count103
))
\Gin@req@height=\dimen112
\Gin@req@width=\dimen113
)
(./final_report.aux)
\openout1 = `final_report.aux'.

LaTeX Font Info:    Checking defaults for OML/cmm/m/it on input line 7.
LaTeX Font Info:    ... okay on input line 7.
LaTeX Font Info:    Checking defaults for T1/cmr/m/n on input line 7.
LaTeX Font Info:    ... okay on input line 7.
LaTeX Font Info:    Checking defaults for OT1/cmr/m/n on input line 7.
LaTeX Font Info:    ... okay on input line 7.
LaTeX Font Info:    Checking defaults for OMS/cmsy/m/n on input line 7.
LaTeX Font Info:    ... okay on input line 7.
LaTeX Font Info:    Checking defaults for OMX/cmex/m/n on input line 7.
LaTeX Font Info:    ... okay on input line 7.
LaTeX Font Info:    Checking defaults for U/cmr/m/n on input line 7.
LaTeX Font Info:    ... okay on input line 7.

(/usr/share/texlive/texmf-dist/tex/context/base/supp-pdf.mkii
[Loading MPS to PDF converter (version 2006.09.02).]
\scratchcounter=\count104
\scratchdimen=\dimen114
\scratchbox=\box28
\nofMPsegments=\count105
\nofMParguments=\count106
\everyMPshowfont=\toks20
\MPscratchCnt=\count107
\MPscratchDim=\dimen115
\MPnumerator=\count108
\makeMPintoPDFobject=\count109
\everyMPtoPDFconversion=\toks21
) (/usr/share/texlive/texmf-dist/tex/generic/oberdiek/pdftexcmds.sty
Package: pdftexcmds 2011/11/29 v0.20 Utility functions of pdfTeX for LuaTeX (HO
)

(/usr/share/texlive/texmf-dist/tex/generic/oberdiek/ifluatex.sty
Package: ifluatex 2010/03/01 v1.3 Provides the ifluatex switch (HO)
Package ifluatex Info: LuaTeX not detected.
)
(/usr/share/texlive/texmf-dist/tex/generic/oberdiek/ifpdf.sty
Package: ifpdf 2011/01/30 v2.3 Provides the ifpdf switch (HO)
Package ifpdf Info: pdfTeX in PDF mode is detected.
)
Package pdftexcmds Info: LuaTeX not detected.
Package pdftexcmds Info: \pdf@primitive is available.
Package pdftexcmds Info: \pdf@ifprimitive is available.
Package pdftexcmds Info: \pdfdraftmode found.
)
(/usr/share/texlive/texmf-dist/tex/latex/oberdiek/epstopdf-base.sty
Package: epstopdf-base 2010/02/09 v2.5 Base part for package epstopdf

(/usr/share/texlive/texmf-dist/tex/latex/oberdiek/grfext.sty
Package: grfext 2010/08/19 v1.1 Manage graphics extensions (HO)

(/usr/share/texlive/texmf-dist/tex/generic/oberdiek/kvdefinekeys.sty
Package: kvdefinekeys 2011/04/07 v1.3 Define keys (HO)
))
(/usr/share/texlive/texmf-dist/tex/latex/oberdiek/kvoptions.sty
Package: kvoptions 2011/06/30 v3.11 Key value format for package options (HO)

(/usr/share/texlive/texmf-dist/tex/generic/oberdiek/kvsetkeys.sty
Package: kvsetkeys 2012/04/25 v1.16 Key value parser (HO)

(/usr/share/texlive/texmf-dist/tex/generic/oberdiek/etexcmds.sty
Package: etexcmds 2011/02/16 v1.5 Avoid name clashes with e-TeX commands (HO)
Package etexcmds Info: Could not find \expanded.
(etexcmds)             That can mean that you are not using pdfTeX 1.50 or
(etexcmds)             that some package has redefined \expanded.
(etexcmds)             In the latter case, load this package earlier.
)))
Package grfext Info: Graphics extension search list:
(grfext)             [.png,.pdf,.jpg,.mps,.jpeg,.jbig2,.jb2,.PNG,.PDF,.JPG,.JPE
G,.JBIG2,.JB2,.eps]
(grfext)             \AppendGraphicsExtensions on input line 452.

(/usr/share/texlive/texmf-dist/tex/latex/latexconfig/epstopdf-sys.cfg
File: epstopdf-sys.cfg 2010/07/13 v1.3 Configuration of (r)epstopdf for TeX Liv
e
))
[1

{/var/lib/texmf/fonts/map/pdftex/updmap/pdftex.map}] (./final_report.toc
[1

])
\tf@toc=\write3
\openout3 = `final_report.toc'.

 [2]
Chapter 1.
Missing character: There is no â in font cmr10!
Missing character: There is no € in font cmr10!
Missing character: There is no ” in font cmr10!
Missing character: There is no â in font cmr10!
Missing character: There is no € in font cmr10!
Missing character: There is no “ in font cmr10!

Underfull \hbox (badness 10000) in paragraph at lines 17--28

 []


Underfull \hbox (badness 10000) in paragraph at lines 17--28

 []


Underfull \hbox (badness 10000) in paragraph at lines 17--28

 []


Underfull \hbox (badness 10000) in paragraph at lines 17--28

 []


Underfull \hbox (badness 10000) in paragraph at lines 17--28

 []

[3

]
Chapter 2.

Underfull \hbox (badness 10000) in paragraph at lines 35--37

 []


Underfull \hbox (badness 10000) in paragraph at lines 47--49

 []

[4

]
LaTeX Font Info:    Try loading font information for OMS+cmr on input line 58.
 (/usr/share/texlive/texmf-dist/tex/latex/base/omscmr.fd
File: omscmr.fd 1999/05/25 v2.5h Standard LaTeX font definitions
)
LaTeX Font Info:    Font shape `OMS/cmr/m/n' in size <10> not available
(Font)              Font shape `OMS/cmsy/m/n' tried instead on input line 58.

<busyroute_landing.png, id=28, 1632.0975pt x 916.42375pt>
File: busyroute_landing.png Graphic file (type png)

<use busyroute_landing.png>
Package pdftex.def Info: busyroute_landing.png used on input line 64.
(pdftex.def)             Requested size: 212.18011pt x 119.13927pt.

<busyroute_route1.png, id=29, 1632.0975pt x 915.42pt>
File: busyroute_route1.png Graphic file (type png)

<use busyroute_route1.png>
Package pdftex.def Info: busyroute_route1.png used on input line 65.
(pdftex.def)             Requested size: 212.18011pt x 119.00877pt.
 [5 <./busyroute_landing.png (PNG copy)> <./busyroute_route1.png (PNG copy)>]
Underfull \hbox (badness 10000) in paragraph at lines 88--91

 []

[6]
Chapter 3.

Underfull \hbox (badness 10000) in paragraph at lines 94--99

 []


Underfull \hbox (badness 10000) in paragraph at lines 94--99

 []


Underfull \hbox (badness 10000) in paragraph at lines 94--99

 []


Underfull \hbox (badness 10000) in paragraph at lines 94--99

 []

[7

]
Underfull \hbox (badness 10000) in paragraph at lines 100--103

 []


Underfull \hbox (badness 10000) in paragraph at lines 100--103

 []

<release_plan.png, id=42, 648.5028pt x 251.9814pt>
File: release_plan.png Graphic file (type png)
 <use release_plan.png>
Package pdftex.def Info: release_plan.png used on input line 105.
(pdftex.def)             Requested size: 453.94887pt x 176.38577pt.

Overfull \hbox (0.98097pt too wide) in paragraph at lines 105--105
 [] 
 []


Underfull \hbox (badness 10000) in paragraph at lines 108--110

 []

[8 <./release_plan.png>]
Underfull \hbox (badness 10000) in paragraph at lines 128--130

 []

[9] <workflow_diagram.png, id=51, 780.516pt x 521.3076pt>
File: workflow_diagram.png Graphic file (type png)

<use workflow_diagram.png>
Package pdftex.def Info: workflow_diagram.png used on input line 134.
(pdftex.def)             Requested size: 468.31322pt x 312.78697pt.

Overfull \hbox (15.34532pt too wide) in paragraph at lines 134--136
 [] 
 []


Underfull \hbox (badness 10000) in paragraph at lines 138--140

 []


Underfull \hbox (badness 10000) in paragraph at lines 141--143

 []

[10 <./workflow_diagram.png>] <pullreq.png, id=56, 703.62875pt x 322.20375pt>
File: pullreq.png Graphic file (type png)

<use pullreq.png>
Package pdftex.def Info: pullreq.png used on input line 152.
(pdftex.def)             Requested size: 295.52205pt x 135.32465pt.
 [11 <./pullreq.png (PNG copy)>]
<jenkins_build.png, id=63, 1166.3575pt x 462.72874pt>
File: jenkins_build.png Graphic file (type png)
 <use jenkins_build.png>
Package pdftex.def Info: jenkins_build.png used on input line 160.
(pdftex.def)             Requested size: 419.88838pt x 166.58221pt.

Underfull \hbox (badness 10000) in paragraph at lines 163--166

 []


Underfull \hbox (badness 10000) in paragraph at lines 167--172

 []


Underfull \hbox (badness 10000) in paragraph at lines 167--172

 []

[12 <./jenkins_build.png (PNG copy)>]
Underfull \hbox (badness 10000) in paragraph at lines 175--177

 []

<trello.png, id=68, 1620.0525pt x 952.55875pt>
File: trello.png Graphic file (type png)
 <use trello.png>
Package pdftex.def Info: trello.png used on input line 178.
(pdftex.def)             Requested size: 437.42003pt x 257.19429pt.
 [13 <./trello.png (PNG copy)>] <facebook_communication.png, id=72, 897.3525pt 
x 528.97626pt>
File: facebook_communication.png Graphic file (type png)

<use facebook_communication.png>
Package pdftex.def Info: facebook_communication.png used on input line 192.
(pdftex.def)             Requested size: 269.20782pt x 158.69409pt.

Underfull \hbox (badness 10000) in paragraph at lines 197--199

 []

[14 <./facebook_communication.png (PNG copy)>] [15]
Chapter 4.

Underfull \hbox (badness 10000) in paragraph at lines 218--220

 []

<systems_map.png, id=79, 626.8218pt x 236.5638pt>
File: systems_map.png Graphic file (type png)
 <use systems_map.png>
Package pdftex.def Info: systems_map.png used on input line 221.
(pdftex.def)             Requested size: 376.09596pt x 141.93936pt.
Missing character: There is no â in font cmr10!
Missing character: There is no € in font cmr10!
Missing character: There is no ™ in font cmr10!
Missing character: There is no â in font cmr10!
Missing character: There is no € in font cmr10!
Missing character: There is no ™ in font cmr10!

Underfull \hbox (badness 10000) in paragraph at lines 224--227

 []


Underfull \hbox (badness 10000) in paragraph at lines 224--227

 []

[16

 <./systems_map.png>]
Underfull \hbox (badness 10000) in paragraph at lines 242--245

 []


Underfull \hbox (badness 10000) in paragraph at lines 242--245

 []

[17]
Underfull \hbox (badness 10000) in paragraph at lines 248--251

 []


Underfull \hbox (badness 10000) in paragraph at lines 248--251

 []

<fuzzy_search.png, id=87, 209.78375pt x 189.70876pt>
File: fuzzy_search.png Graphic file (type png)
 <use fuzzy_search.png>
Package pdftex.def Info: fuzzy_search.png used on input line 253.
(pdftex.def)             Requested size: 104.8916pt x 94.85414pt.

Underfull \hbox (badness 10000) in paragraph at lines 257--259

 []

[18 <./fuzzy_search.png (PNG copy)>]
<gmaps_route.png, id=92, 831.105pt x 466.74374pt>
File: gmaps_route.png Graphic file (type png)
 <use gmaps_route.png>
Package pdftex.def Info: gmaps_route.png used on input line 261.
(pdftex.def)             Requested size: 332.43611pt x 186.69418pt.

Underfull \hbox (badness 10000) in paragraph at lines 264--266

 []

<busyroute_v7.png, id=93, 466.1415pt x 152.4897pt>
File: busyroute_v7.png Graphic file (type png)
 <use busyroute_v7.png>
Package pdftex.def Info: busyroute_v7.png used on input line 268.
(pdftex.def)             Requested size: 233.07018pt x 76.24466pt.

[19 <./gmaps_route.png (PNG copy)> <./busyroute_v7.png>]
LaTeX Font Info:    Font shape `OT1/cmtt/bx/n' in size <12> not available
(Font)              Font shape `OT1/cmtt/m/n' tried instead on input line 276.

Underfull \hbox (badness 10000) in paragraph at lines 291--293

 []


Underfull \hbox (badness 10000) in paragraph at lines 308--311

 []

[20]
Underfull \hbox (badness 10000) in paragraph at lines 313--316

 []


Underfull \hbox (badness 10000) in paragraph at lines 317--320

 []


Underfull \hbox (badness 10000) in paragraph at lines 325--327

 []

[21] <uml_tube.png, id=104, 767.9892pt x 283.2984pt>
File: uml_tube.png Graphic file (type png)
 <use uml_tube.png>
Package pdftex.def Info: uml_tube.png used on input line 328.
(pdftex.def)             Requested size: 460.79707pt x 169.98035pt.

Overfull \hbox (7.82918pt too wide) in paragraph at lines 328--328
 [] 
 []


Underfull \hbox (badness 10000) in paragraph at lines 342--344

 []

[22 <./uml_tube.png>]
Underfull \hbox (badness 10000) in paragraph at lines 352--355

 []


Underfull \hbox (badness 10000) in paragraph at lines 352--355

 []

<tube_example.png, id=109, 585.18625pt x 463.7325pt>
File: tube_example.png Graphic file (type png)
 <use tube_example.png>
Package pdftex.def Info: tube_example.png used on input line 356.
(pdftex.def)             Requested size: 117.03517pt x 92.74484pt.

Underfull \hbox (badness 10000) in paragraph at lines 359--361

 []


Underfull \hbox (badness 10000) in paragraph at lines 359--361

 []

[23 <./tube_example.png (PNG copy)>]
Underfull \hbox (badness 10000) in paragraph at lines 362--366

 []


Underfull \hbox (badness 10000) in paragraph at lines 362--366

 []


Underfull \hbox (badness 10000) in paragraph at lines 362--366

 []

<uml_tsp.png, id=113, 562.2606pt x 283.2984pt>
File: uml_tsp.png Graphic file (type png)
 <use uml_tsp.png>
Package pdftex.def Info: uml_tsp.png used on input line 375.
(pdftex.def)             Requested size: 337.35896pt x 169.98035pt.
 [24]
Underfull \hbox (badness 10000) in paragraph at lines 378--381

 []


Underfull \hbox (badness 10000) in paragraph at lines 378--381

 []


Underfull \hbox (badness 10000) in paragraph at lines 384--386

 []

[25 <./uml_tsp.png>] <nnh_fail.png, id=124, 564.6696pt x 385.44pt>
File: nnh_fail.png Graphic file (type png)

<use nnh_fail.png>
Package pdftex.def Info: nnh_fail.png used on input line 394.
(pdftex.def)             Requested size: 225.86383pt x 154.17326pt.
 <2_opt.png, id=125, 873.9852pt x 407.121pt>
File: 2_opt.png Graphic file (type png)
 <use 2_opt.png>
Package pdftex.def Info: 2_opt.png used on input line 401.
(pdftex.def)             Requested size: 349.58789pt x 162.8455pt.

Underfull \hbox (badness 10000) in paragraph at lines 404--406

 []

[26 <./nnh_fail.png> <./2_opt.png>]
Underfull \hbox (badness 10000) in paragraph at lines 407--410

 []


Underfull \hbox (badness 10000) in paragraph at lines 411--416

 []


Underfull \hbox (badness 10000) in paragraph at lines 411--416

 []


Underfull \hbox (badness 10000) in paragraph at lines 421--423

 []

[27] [28]
Chapter 5.

Underfull \hbox (badness 10000) in paragraph at lines 437--439

 []

<mocha_test.png, id=137, 569.12625pt x 140.525pt>
File: mocha_test.png Graphic file (type png)
 <use mocha_test.png>
Package pdftex.def Info: mocha_test.png used on input line 442.
(pdftex.def)             Requested size: 256.10445pt x 63.23566pt.

Underfull \hbox (badness 10000) in paragraph at lines 445--447

 []

[29

 <./mocha_test.png (PNG copy)>]
Underfull \hbox (badness 10000) in paragraph at lines 448--450

 []

<google_test.png, id=141, 680.5425pt x 276.03125pt>
File: google_test.png Graphic file (type png)
 <use google_test.png>
Package pdftex.def Info: google_test.png used on input line 451.
(pdftex.def)             Requested size: 306.24129pt x 124.2129pt.

Underfull \hbox (badness 10000) in paragraph at lines 456--458

 []


Underfull \hbox (badness 10000) in paragraph at lines 459--462

 []


Underfull \hbox (badness 10000) in paragraph at lines 459--462

 []

[30 <./google_test.png (PNG copy)>]
<sophia_1.png, id=146, 2601.72pt x 1461.46pt>
File: sophia_1.png Graphic file (type png)
 <use sophia_1.png>
Package pdftex.def Info: sophia_1.png used on input line 467.
(pdftex.def)             Requested size: 312.19293pt x 175.36763pt.

Underfull \hbox (badness 10000) in paragraph at lines 470--478

 []


Underfull \hbox (badness 10000) in paragraph at lines 470--478

 []


Underfull \hbox (badness 10000) in paragraph at lines 470--478

 []


Underfull \hbox (badness 10000) in paragraph at lines 470--478

 []


Underfull \hbox (badness 10000) in paragraph at lines 470--478

 []


Underfull \hbox (badness 10000) in paragraph at lines 470--478

 []

[31 <./sophia_1.png>]
Underfull \hbox (badness 10000) in paragraph at lines 479--483

 []


Underfull \hbox (badness 10000) in paragraph at lines 479--483

 []


Underfull \hbox (badness 10000) in paragraph at lines 485--490

 []


Underfull \hbox (badness 10000) in paragraph at lines 485--490

 []


Underfull \hbox (badness 10000) in paragraph at lines 485--490

 []


Underfull \hbox (badness 10000) in paragraph at lines 485--490

 []

[32] [33]
Chapter 6.

Underfull \hbox (badness 10000) in paragraph at lines 495--499

 []


Underfull \hbox (badness 10000) in paragraph at lines 495--499

 []


Underfull \hbox (badness 10000) in paragraph at lines 495--499

 []


Underfull \hbox (badness 10000) in paragraph at lines 500--503

 []


Underfull \hbox (badness 10000) in paragraph at lines 500--503

 []

[34

] <vpc.png, id=159, 788.2248pt x 541.5432pt>
File: vpc.png Graphic file (type png)
 <use vpc.png>
Package pdftex.def Info: vpc.png used on input line 506.
(pdftex.def)             Requested size: 394.11142pt x 270.77094pt.
 [35 <./vpc.png>]
Underfull \hbox (badness 10000) in paragraph at lines 520--523

 []


Underfull \hbox (badness 10000) in paragraph at lines 520--523

 []

<hallway_1.png, id=164, 1027.84pt x 578.16pt>
File: hallway_1.png Graphic file (type png)
 <use hallway_1.png>
Package pdftex.def Info: hallway_1.png used on input line 524.
(pdftex.def)             Requested size: 205.56436pt x 115.62994pt.

<hallway_2.png, id=165, 1027.84pt x 578.16pt>
File: hallway_2.png Graphic file (type png)
 <use hallway_2.png>
Package pdftex.def Info: hallway_2.png used on input line 525.
(pdftex.def)             Requested size: 205.56436pt x 115.62994pt.

Underfull \hbox (badness 10000) in paragraph at lines 528--531

 []


Underfull \hbox (badness 10000) in paragraph at lines 532--535

 []


Underfull \hbox (badness 10000) in paragraph at lines 532--535

 []

[36 <./hallway_1.png (PNG copy)> <./hallway_2.png (PNG copy)>]
Underfull \hbox (badness 10000) in paragraph at lines 537--540

 []

<eval_notubemodel.png, id=170, 679.53876pt x 601.24625pt>
File: eval_notubemodel.png Graphic file (type png)

<use eval_notubemodel.png>
Package pdftex.def Info: eval_notubemodel.png used on input line 541.
(pdftex.def)             Requested size: 203.8632pt x 180.37526pt.

<eval_tubemodel_works.png, id=171, 679.53876pt x 601.24625pt>
File: eval_tubemodel_works.png Graphic file (type png)

<use eval_tubemodel_works.png>
Package pdftex.def Info: eval_tubemodel_works.png used on input line 542.
(pdftex.def)             Requested size: 203.8632pt x 180.37526pt.

Underfull \hbox (badness 10000) in paragraph at lines 545--549

 []


Underfull \hbox (badness 10000) in paragraph at lines 545--549

 []

[37 <./eval_notubemodel.png (PNG copy)> <./eval_tubemodel_works.png (PNG copy)>
] [38]
Chapter 7.

Underfull \hbox (badness 10000) in paragraph at lines 553--570

 []


Underfull \hbox (badness 10000) in paragraph at lines 553--570

 []


Underfull \hbox (badness 10000) in paragraph at lines 553--570

 []


Underfull \hbox (badness 10000) in paragraph at lines 553--570

 []


Underfull \hbox (badness 10000) in paragraph at lines 553--570

 []


Underfull \hbox (badness 10000) in paragraph at lines 553--570

 []


Underfull \hbox (badness 10000) in paragraph at lines 553--570

 []


Underfull \hbox (badness 10000) in paragraph at lines 553--570

 []

[39

]
Missing character: There is no â in font cmr10!
Missing character: There is no € in font cmr10!
Missing character: There is no ™ in font cmr10!

Underfull \hbox (badness 10000) in paragraph at lines 571--581

 []


Underfull \hbox (badness 10000) in paragraph at lines 571--581

 []


Underfull \hbox (badness 10000) in paragraph at lines 571--581

 []


Underfull \hbox (badness 10000) in paragraph at lines 571--581

 []


Underfull \hbox (badness 10000) in paragraph at lines 571--581

 []

[40]
Missing character: There is no â in font cmr10!
Missing character: There is no € in font cmr10!
Missing character: There is no ™ in font cmr10!
 [41] [42


]
Appendix A.

Underfull \hbox (badness 10000) in paragraph at lines 613--616
\OT1/cmtt/m/n/10 http://developers.google.com/maps/documentation/javascript/dir
ections \OT1/cmr/m/n/10 [ac-cessed
 []


Underfull \hbox (badness 10000) in paragraph at lines 619--620
\OT1/cmtt/m/n/10 https://stefanroock.wordpress.com/2012/12/20/shades-of-scrum-S
print-length/ \OT1/cmr/m/n/10 [ac-
 []


Underfull \hbox (badness 10000) in paragraph at lines 625--627
\OT1/cmtt/m/n/10 https://www.scrumalliance.org/community/articles/2009/december
/scrum-in-a-nutshell
 []

[43

]
Underfull \hbox (badness 10000) in paragraph at lines 663--664
[]\OT1/cmr/m/n/10 Fowler, Mar-tin, and Foem-mel, Matthew. ``Con-tin-u-ous in-te
-gra-tion." (Thought-Works)
 []


Overfull \hbox (11.3493pt too wide) in paragraph at lines 665--668
[]\OT1/cmr/m/n/10 ``GitHub Plu-gin -- Jenk-ins Wiki", \OT1/cmtt/m/n/10 https://
wiki.jenkins-ci.org/display/JENKINS/GitHub+Plugin
 []


Underfull \hbox (badness 10000) in paragraph at lines 671--673
[]\OT1/cmr/m/n/10 ``JIRA Ag-ile $\OMS/cmsy/m/n/10 j$ \OT1/cmr/m/n/10 At-las-sia
n", \OT1/cmtt/m/n/10 https://www.atlassian.com/software/jira/agile \OT1/cmr/m/n
/10 [ac-cessed
 []


Underfull \hbox (badness 10000) in paragraph at lines 691--692
[]\OT1/cmr/m/n/10 ``Usage Statis-tics and Mar-ket Share of Node.js for Web-site
s, Jan-uary 2015",
 []


Underfull \hbox (badness 3612) in paragraph at lines 693--694
[]\OT1/cmr/m/n/10 ``Handlebars.js: Min-i-mal Tem-plat-ing on Steroids", \OT1/cm
tt/m/n/10 http://handlebarsjs.com/ \OT1/cmr/m/n/10 [ac-cessed
 []

[44]
Underfull \hbox (badness 3179) in paragraph at lines 710--711
[]\OT1/cmr/m/n/10 ``Fuse.js $\OMS/cmsy/m/n/10 j$ \OT1/cmr/m/n/10 K.Risk -- Java
Script Re-fined", \OT1/cmtt/m/n/10 http://kiro.me/projects/fuse.html \OT1/cmr/m
/n/10 [ac-cessed
 []


Underfull \hbox (badness 10000) in paragraph at lines 717--718
[]\OT1/cmr/m/n/10 ``AgileConnection $\OMS/cmsy/m/n/10 j$ \OT1/cmr/m/n/10 In-ter
-na-tion-al-iza-tion Best Prac-tices for Ag-ile Teams",
 []


Underfull \hbox (badness 10000) in paragraph at lines 722--723
[]\OT1/cmr/m/n/10 ``Supported Place Types - Google Places API -- Google De-vel-
op-ers",
 []


Underfull \hbox (badness 10000) in paragraph at lines 722--723
\OT1/cmtt/m/n/10 https://developers.google.com/places/documentation/supported[]
types \OT1/cmr/m/n/10 [ac-cessed
 []


Underfull \hbox (badness 10000) in paragraph at lines 726--728
\OT1/cmtt/m/n/10 http://www.londoncouncils.gov.uk/londonfacts/default.htm?categ
ory=12 \OT1/cmr/m/n/10 [ac-cessed
 []


Underfull \hbox (badness 10000) in paragraph at lines 729--732
\OT1/cmtt/m/n/10 https://www.whatdotheyknow.com/request/gate[]to[]platform[]and
[]interchange \OT1/cmr/m/n/10 [ac-cessed
 []


Underfull \hbox (badness 10000) in paragraph at lines 733--735
\OT1/cmtt/m/n/10 https://www.tfl.gov.uk/corporate/publications-and-reports/work
ing-timetables \OT1/cmr/m/n/10 [ac-
 []


Underfull \hbox (badness 1430) in paragraph at lines 743--744
[]\OT1/cmr/m/n/10 ``Strategy De-sign Pat-tern", \OT1/cmtt/m/n/10 http://sourcem
aking.com/design[]patterns/strategy \OT1/cmr/m/n/10 [ac-cessed
 []


Overfull \hbox (5.02945pt too wide) in paragraph at lines 745--748
[]\OT1/cmr/m/n/10 ``Algorithm Tu-to-ri-als", \OT1/cmtt/m/n/10 http://www.topcod
er.com/tc?d1=tutorials&d2=dynProg&module=Static
 []

[45]
Underfull \hbox (badness 10000) in paragraph at lines 770--772
\OT1/cmtt/m/n/10 http://www.iwr.uni-heidelberg.de/groups/comopt/software/TSPLIB
95/TSPFAQ.html \OT1/cmr/m/n/10 [ac-
 []


Underfull \hbox (badness 10000) in paragraph at lines 781--782
\OT1/cmtt/m/n/10 http://www.mountaingoatsoftware.com/agile/scrum/sprint-retrosp
ective \OT1/cmr/m/n/10 [ac-cessed
 []

[46]
Appendix B.

Underfull \hbox (badness 10000) in paragraph at lines 805--806

 []


Underfull \hbox (badness 10000) in paragraph at lines 807--809

 []

[47

]
Underfull \hbox (badness 10000) in paragraph at lines 838--839

 []

<hallway_q2.png, id=207, 1023.07219pt x 481.04718pt>
File: hallway_q2.png Graphic file (type png)
 <use hallway_q2.png>
Package pdftex.def Info: hallway_q2.png used on input line 857.
(pdftex.def)             Requested size: 306.92403pt x 144.31526pt.

[48 <./hallway_q2.png>]
Appendix C.
<proto_1.png, id=213, 2055.68pt x 1156.32pt>
File: proto_1.png Graphic file (type png)
 <use proto_1.png>
Package pdftex.def Info: proto_1.png used on input line 863.
(pdftex.def)             Requested size: 370.00644pt x 208.12862pt.

<proto_2.png, id=214, 1235.61626pt x 772.8875pt>
File: proto_2.png Graphic file (type png)
 <use proto_2.png>
Package pdftex.def Info: proto_2.png used on input line 868.
(pdftex.def)             Requested size: 370.68774pt x 231.86803pt.

<proto_3.png, id=215, 1235.61626pt x 772.8875pt>
File: proto_3.png Graphic file (type png)
 <use proto_3.png>
Package pdftex.def Info: proto_3.png used on input line 873.
(pdftex.def)             Requested size: 370.68774pt x 231.86803pt.
 [49

 <./proto_1.png> <./proto_2.png>] <proto_4.png, id=220, 1235.61626pt x 772.8875
pt>
File: proto_4.png Graphic file (type png)

<use proto_4.png>
Package pdftex.def Info: proto_4.png used on input line 878.
(pdftex.def)             Requested size: 370.68774pt x 231.86803pt.
 [50 <./proto_3.png> <./proto_4.png>]
Appendix D.
<um-01-starting.png, id=224, 1553.805pt x 992.70876pt>
File: um-01-starting.png Graphic file (type png)

<use um-01-starting.png>
Package pdftex.def Info: um-01-starting.png used on input line 884.
(pdftex.def)             Requested size: 279.67284pt x 178.67987pt.
 <um-02-clean.png, id=225, 1553.805pt x 992.70876pt>
File: um-02-clean.png Graphic file (type png)

<use um-02-clean.png>
Package pdftex.def Info: um-02-clean.png used on input line 888.
(pdftex.def)             Requested size: 279.67284pt x 178.67987pt.

<um-03-current-loc.png, id=226, 1553.805pt x 992.70876pt>
File: um-03-current-loc.png Graphic file (type png)

<use um-03-current-loc.png>
Package pdftex.def Info: um-03-current-loc.png used on input line 892.
(pdftex.def)             Requested size: 279.67284pt x 178.67987pt.
 [51

 <./um-01-starting.png> <./um-02-clean.png>]
<um-04-search-errand.png, id=232, 1553.805pt x 992.70876pt>
File: um-04-search-errand.png Graphic file (type png)

<use um-04-search-errand.png>
Package pdftex.def Info: um-04-search-errand.png used on input line 896.
(pdftex.def)             Requested size: 279.67284pt x 178.67987pt.

<um-05-place-detail.png, id=233, 1553.805pt x 992.70876pt>
File: um-05-place-detail.png Graphic file (type png)

<use um-05-place-detail.png>
Package pdftex.def Info: um-05-place-detail.png used on input line 900.
(pdftex.def)             Requested size: 279.67284pt x 178.67987pt.

<um-06-place-select.png, id=234, 1553.805pt x 992.70876pt>
File: um-06-place-select.png Graphic file (type png)

<use um-06-place-select.png>
Package pdftex.def Info: um-06-place-select.png used on input line 904.
(pdftex.def)             Requested size: 279.67284pt x 178.67987pt.
 [52 <./um-03-current-loc.png> <./um-04-search-errand.png> <./um-05-place-detai
l.png>]
<um-07-keyword-search.png, id=241, 1553.805pt x 992.70876pt>
File: um-07-keyword-search.png Graphic file (type png)

<use um-07-keyword-search.png>
Package pdftex.def Info: um-07-keyword-search.png used on input line 908.
(pdftex.def)             Requested size: 279.67284pt x 178.67987pt.

<um-08-keyword-results.png, id=242, 1553.805pt x 992.70876pt>
File: um-08-keyword-results.png Graphic file (type png)

<use um-08-keyword-results.png>
Package pdftex.def Info: um-08-keyword-results.png used on input line 912.
(pdftex.def)             Requested size: 279.67284pt x 178.67987pt.

<um-09-keyword-any.png, id=243, 1553.805pt x 992.70876pt>
File: um-09-keyword-any.png Graphic file (type png)

<use um-09-keyword-any.png>
Package pdftex.def Info: um-09-keyword-any.png used on input line 916.
(pdftex.def)             Requested size: 279.67284pt x 178.67987pt.
 [53 <./um-06-place-select.png> <./um-07-keyword-search.png> <./um-08-keyword-r
esults.png>]
<um-10-move-starting.png, id=250, 1553.805pt x 992.70876pt>
File: um-10-move-starting.png Graphic file (type png)

<use um-10-move-starting.png>
Package pdftex.def Info: um-10-move-starting.png used on input line 920.
(pdftex.def)             Requested size: 279.67284pt x 178.67987pt.

<um-11-get-route.png, id=251, 1553.805pt x 992.70876pt>
File: um-11-get-route.png Graphic file (type png)

<use um-11-get-route.png>
Package pdftex.def Info: um-11-get-route.png used on input line 924.
(pdftex.def)             Requested size: 279.67284pt x 178.67987pt.

<um-12-add-new-point.png, id=252, 1553.805pt x 992.70876pt>
File: um-12-add-new-point.png Graphic file (type png)

<use um-12-add-new-point.png>
Package pdftex.def Info: um-12-add-new-point.png used on input line 928.
(pdftex.def)             Requested size: 279.67284pt x 178.67987pt.
 [54 <./um-09-keyword-any.png> <./um-10-move-starting.png> <./um-11-get-route.p
ng>]
<um-13-get-new-route.png, id=260, 1553.805pt x 992.70876pt>
File: um-13-get-new-route.png Graphic file (type png)

<use um-13-get-new-route.png>
Package pdftex.def Info: um-13-get-new-route.png used on input line 932.
(pdftex.def)             Requested size: 279.67284pt x 178.67987pt.
 [55 <./um-12-add-new-point.png> <./um-13-get-new-route.png>] (./final_report.a
ux) ) 
Here is how much of TeX's memory you used:
 2639 strings out of 494985
 37012 string characters out of 6180355
 96639 words of memory out of 5000000
 5782 multiletter control sequences out of 15000+600000
 11976 words of font info for 43 fonts, out of 8000000 for 9000
 36 hyphenation exceptions out of 8191
 37i,8n,23p,1359b,291s stack positions out of 5000i,500n,10000p,200000b,80000s
</usr/share/texlive/texmf-dist/fonts/type1/public/amsfonts/cm/cmbx10.pfb><
/usr/share/texlive/texmf-dist/fonts/type1/public/amsfonts/cm/cmbx12.pfb></usr/s
hare/texlive/texmf-dist/fonts/type1/public/amsfonts/cm/cmbxti10.pfb></usr/share
/texlive/texmf-dist/fonts/type1/public/amsfonts/cm/cmmi10.pfb></usr/share/texli
ve/texmf-dist/fonts/type1/public/amsfonts/cm/cmmi7.pfb></usr/share/texlive/texm
f-dist/fonts/type1/public/amsfonts/cm/cmr10.pfb></usr/share/texlive/texmf-dist/
fonts/type1/public/amsfonts/cm/cmr12.pfb></usr/share/texlive/texmf-dist/fonts/t
ype1/public/amsfonts/cm/cmr17.pfb></usr/share/texlive/texmf-dist/fonts/type1/pu
blic/amsfonts/cm/cmr6.pfb></usr/share/texlive/texmf-dist/fonts/type1/public/ams
fonts/cm/cmr7.pfb></usr/share/texlive/texmf-dist/fonts/type1/public/amsfonts/cm
/cmr8.pfb></usr/share/texlive/texmf-dist/fonts/type1/public/amsfonts/cm/cmsy10.
pfb></usr/share/texlive/texmf-dist/fonts/type1/public/amsfonts/cm/cmsy7.pfb></u
sr/share/texlive/texmf-dist/fonts/type1/public/amsfonts/cm/cmti10.pfb></usr/sha
re/texlive/texmf-dist/fonts/type1/public/amsfonts/cm/cmti12.pfb></usr/share/tex
live/texmf-dist/fonts/type1/public/amsfonts/cm/cmti8.pfb></usr/share/texlive/te
xmf-dist/fonts/type1/public/amsfonts/cm/cmtt10.pfb></usr/share/texlive/texmf-di
st/fonts/type1/public/amsfonts/cm/cmtt12.pfb>
Output written on final_report.pdf (56 pages, 17340181 bytes).
PDF statistics:
 325 PDF objects out of 1000 (max. 8388607)
 181 compressed objects within 2 object streams
 0 named destinations out of 1000 (max. 500000)
 216 words of extra memory for PDF output out of 10000 (max. 10000000)

